<?xml version="1.0" encoding="UTF-8"?>
<!-- Generated by org.testng.reporters.JUnitReportReporter -->
<testsuite hostname="Aradhy" name="SamplePageObjectActiTime.TestContactPage" tests="2" failures="0" timestamp="21 Sep 2022 04:58:27 GMT" time="8.716" errors="0">
  <testcase name="testContactCreation" time="7.456" classname="SamplePageObjectActiTime.TestContactPage"/>
  <testcase name="testContactDelete" time="1.260" classname="SamplePageObjectActiTime.TestContactPage"/>
</testsuite> <!-- SamplePageObjectActiTime.TestContactPage -->
