<?xml version="1.0" encoding="UTF-8"?>
<!-- Generated by org.testng.reporters.JUnitReportReporter -->
<testsuite hostname="Aradhy" name="SamplePageObjectActiTime.TestOrgnisationPage" tests="2" failures="0" timestamp="21 Sep 2022 04:57:42 GMT" time="9.339" errors="0">
  <testcase name="testOrgnisationDeletion" time="1.255" classname="SamplePageObjectActiTime.TestOrgnisationPage"/>
  <testcase name="testOrgnisationCreate" time="8.084" classname="SamplePageObjectActiTime.TestOrgnisationPage"/>
</testsuite> <!-- SamplePageObjectActiTime.TestOrgnisationPage -->
