<?xml version="1.0" encoding="UTF-8"?>
<!-- Generated by org.testng.reporters.JUnitReportReporter -->
<testsuite hostname="Aradhy" name="SamplePageObjectActiTime.TestLeadsPage" tests="2" failures="0" timestamp="21 Sep 2022 05:02:28 GMT" time="8.516" errors="0">
  <testcase name="testLeadCreation" time="7.318" classname="SamplePageObjectActiTime.TestLeadsPage"/>
  <testcase name="testLeadDeletion" time="1.198" classname="SamplePageObjectActiTime.TestLeadsPage"/>
</testsuite> <!-- SamplePageObjectActiTime.TestLeadsPage -->
